# JRE version: OpenJDK Runtime Environment (21.0.10) (build 21.0.10+-14961533-b1163.108)
# Java VM: OpenJDK 64-Bit Server VM (21.0.10+-14961533-b1163.108, mixed mode, tiered, compressed oops, compressed class ptrs, g1 gc, windows-amd64)
GC Precious Log:
 CardTable entry size: 512
 Card Set container configuration: InlinePtr #cards 4 size 8 Array Of Cards #cards 32 size 80 Howl #buckets 8 coarsen threshold 7372 Howl Bitmap #cards 1024 size 144 coarsen threshold 921 Card regions per heap region 1 cards per card region 8192
 CPUs: 4 total, 4 available
 Memory: 3530M
 Large Page Support: Disabled
 NUMA Support: Disabled
 Compressed Oops: Enabled (Zero based)
 Heap Region Size: 4M
 Heap Min Capacity: 8M
 Heap Initial Capacity: 56M
 Heap Max Capacity: 8G
 Pre-touch: Disabled
 Parallel Workers: 4
 Concurrent Workers: 1
 Concurrent Refinement Workers: 4
 Periodic GC: Disabled
Heap:
 garbage-first heap   total 643072K, used 408189K [0x0000000600000000, 0x0000000800000000)
  region size 4096K, 32 young (131072K), 3 survivors (12288K)
 Metaspace       used 197769K, committed 200512K, reserved 1245184K
  class space    used 26947K, committed 28288K, reserved 1048576K
GC Heap History (20 events):
Event: 275.989 GC heap before
{Heap before GC invocations=95 (full 0):
 garbage-first heap   total 491520K, used 437294K [0x0000000600000000, 0x0000000800000000)
  region size 4096K, 72 young (294912K), 4 survivors (16384K)
 Metaspace       used 177653K, committed 180288K, reserved 1245184K
  class space    used 24571K, committed 25856K, reserved 1048576K
}
Event: 276.023 GC heap after
{Heap after GC invocations=96 (full 0):
 garbage-first heap   total 491520K, used 167520K [0x0000000600000000, 0x0000000800000000)
  region size 4096K, 5 young (20480K), 5 survivors (20480K)
 Metaspace       used 177653K, committed 180288K, reserved 1245184K
  class space    used 24571K, committed 25856K, reserved 1048576K
}
Event: 281.455 GC heap before
{Heap before GC invocations=96 (full 0):
 garbage-first heap   total 491520K, used 437856K [0x0000000600000000, 0x0000000800000000)
  region size 4096K, 72 young (294912K), 5 survivors (20480K)
 Metaspace       used 184117K, committed 186688K, reserved 1245184K
  class space    used 25191K, committed 26432K, reserved 1048576K
}
Event: 281.500 GC heap after
{Heap after GC invocations=97 (full 0):
 garbage-first heap   total 491520K, used 171172K [0x0000000600000000, 0x0000000800000000)
  region size 4096K, 6 young (24576K), 6 survivors (24576K)
 Metaspace       used 184117K, committed 186688K, reserved 1245184K
  class space    used 25191K, committed 26432K, reserved 1048576K
}
Event: 283.592 GC heap before
{Heap before GC invocations=97 (full 0):
 garbage-first heap   total 491520K, used 441508K [0x0000000600000000, 0x0000000800000000)
  region size 4096K, 72 young (294912K), 6 survivors (24576K)
 Metaspace       used 187286K, committed 189952K, reserved 1245184K
  class space    used 25649K, committed 26944K, reserved 1048576K
}
Event: 283.642 GC heap after
{Heap after GC invocations=98 (full 0):
 garbage-first heap   total 491520K, used 173124K [0x0000000600000000, 0x0000000800000000)
  region size 4096K, 6 young (24576K), 6 survivors (24576K)
 Metaspace       used 187286K, committed 189952K, reserved 1245184K
  class space    used 25649K, committed 26944K, reserved 1048576K
}
Event: 286.017 GC heap before
{Heap before GC invocations=98 (full 0):
 garbage-first heap   total 491520K, used 439364K [0x0000000600000000, 0x0000000800000000)
  region size 4096K, 72 young (294912K), 6 survivors (24576K)
 Metaspace       used 187454K, committed 190080K, reserved 1245184K
  class space    used 25669K, committed 26944K, reserved 1048576K
}
Event: 286.076 GC heap after
{Heap after GC invocations=99 (full 0):
 garbage-first heap   total 491520K, used 173947K [0x0000000600000000, 0x0000000800000000)
  region size 4096K, 4 young (16384K), 4 survivors (16384K)
 Metaspace       used 187454K, committed 190080K, reserved 1245184K
  class space    used 25669K, committed 26944K, reserved 1048576K
}
Event: 287.753 GC heap before
{Heap before GC invocations=99 (full 0):
 garbage-first heap   total 491520K, used 444283K [0x0000000600000000, 0x0000000800000000)
  region size 4096K, 71 young (290816K), 4 survivors (16384K)
 Metaspace       used 189357K, committed 192064K, reserved 1245184K
  class space    used 25910K, committed 27264K, reserved 1048576K
}
Event: 287.808 GC heap after
{Heap after GC invocations=100 (full 0):
 garbage-first heap   total 491520K, used 195327K [0x0000000600000000, 0x0000000800000000)
  region size 4096K, 8 young (32768K), 8 survivors (32768K)
 Metaspace       used 189357K, committed 192064K, reserved 1245184K
  class space    used 25910K, committed 27264K, reserved 1048576K
}
Event: 287.901 GC heap before
{Heap before GC invocations=100 (full 0):
 garbage-first heap   total 491520K, used 199423K [0x0000000600000000, 0x0000000800000000)
  region size 4096K, 9 young (36864K), 8 survivors (32768K)
 Metaspace       used 189377K, committed 192064K, reserved 1245184K
  class space    used 25911K, committed 27264K, reserved 1048576K
}
Event: 287.926 GC heap after
{Heap after GC invocations=101 (full 0):
 garbage-first heap   total 491520K, used 199601K [0x0000000600000000, 0x0000000800000000)
  region size 4096K, 5 young (20480K), 5 survivors (20480K)
 Metaspace       used 189377K, committed 192064K, reserved 1245184K
  class space    used 25911K, committed 27264K, reserved 1048576K
}
Event: 300.054 GC heap before
{Heap before GC invocations=102 (full 0):
 garbage-first heap   total 491520K, used 461745K [0x0000000600000000, 0x0000000800000000)
  region size 4096K, 69 young (282624K), 5 survivors (20480K)
 Metaspace       used 191612K, committed 194304K, reserved 1245184K
  class space    used 26189K, committed 27520K, reserved 1048576K
}
Event: 300.301 GC heap after
{Heap after GC invocations=103 (full 0):
 garbage-first heap   total 528384K, used 235823K [0x0000000600000000, 0x0000000800000000)
  region size 4096K, 9 young (36864K), 9 survivors (36864K)
 Metaspace       used 191612K, committed 194304K, reserved 1245184K
  class space    used 26189K, committed 27520K, reserved 1048576K
}
Event: 326.078 GC heap before
{Heap before GC invocations=103 (full 0):
 garbage-first heap   total 528384K, used 477487K [0x0000000600000000, 0x0000000800000000)
  region size 4096K, 63 young (258048K), 9 survivors (36864K)
 Metaspace       used 192582K, committed 195328K, reserved 1245184K
  class space    used 26281K, committed 27648K, reserved 1048576K
}
Event: 326.391 GC heap after
{Heap after GC invocations=104 (full 0):
 garbage-first heap   total 643072K, used 222705K [0x0000000600000000, 0x0000000800000000)
  region size 4096K, 2 young (8192K), 2 survivors (8192K)
 Metaspace       used 192582K, committed 195328K, reserved 1245184K
  class space    used 26281K, committed 27648K, reserved 1048576K
}
Event: 333.717 GC heap before
{Heap before GC invocations=104 (full 0):
 garbage-first heap   total 643072K, used 566769K [0x0000000600000000, 0x0000000800000000)
  region size 4096K, 87 young (356352K), 2 survivors (8192K)
 Metaspace       used 194730K, committed 197440K, reserved 1245184K
  class space    used 26555K, committed 27904K, reserved 1048576K
}
Event: 333.820 GC heap after
{Heap after GC invocations=105 (full 0):
 garbage-first heap   total 643072K, used 229630K [0x0000000600000000, 0x0000000800000000)
  region size 4096K, 4 young (16384K), 4 survivors (16384K)
 Metaspace       used 194730K, committed 197440K, reserved 1245184K
  class space    used 26555K, committed 27904K, reserved 1048576K
}
Event: 343.870 GC heap before
{Heap before GC invocations=105 (full 0):
 garbage-first heap   total 643072K, used 491774K [0x0000000600000000, 0x0000000800000000)
  region size 4096K, 70 young (286720K), 4 survivors (16384K)
 Metaspace       used 197157K, committed 199808K, reserved 1245184K
  class space    used 26846K, committed 28160K, reserved 1048576K
}
Event: 343.912 GC heap after
{Heap after GC invocations=106 (full 0):
 garbage-first heap   total 643072K, used 227965K [0x0000000600000000, 0x0000000800000000)
  region size 4096K, 3 young (12288K), 3 survivors (12288K)
 Metaspace       used 197157K, committed 199808K, reserved 1245184K
  class space    used 26846K, committed 28160K, reserved 1048576K
}

